<?xml version="1.0" encoding="UTF-8"?>

<databaseChangeLog
        xmlns="http://www.liquibase.org/xml/ns/dbchangelog"
        xmlns:xsi="http://www.w3.org/2001/XMLSchema-instance"
        xsi:schemaLocation="http://www.liquibase.org/xml/ns/dbchangelog
         http://www.liquibase.org/xml/ns/dbchangelog/dbchangelog-4.0.xsd">
    <changeSet id="20231206 fatih.dogmus:0944" author="fatih.dogmus" context="dev">
        <createTable tableName="test_table">
            <column name="id" type="bigint"/>
            <column name="name" type="varchar(255)"/>
            <column name="surname" type="varchar(255)"/>
        </createTable>
    </changeSet>
</databaseChangeLog>
